2024-05-04 10:43:16.029 [restartedMain] DEBUG framexteam.wolframx.authentication.config.SecurityConfiguration - Created DaoAuthenticationProvider bean
2024-05-04 10:43:16.199 [restartedMain] DEBUG framexteam.wolframx.authentication.config.SecurityConfiguration - Configuring HttpSecurity with authorized paths: org.springframework.security.config.annotation.web.configurers.AuthorizeHttpRequestsConfigurer$AuthorizationManagerRequestMatcherRegistry@97717d9
2024-05-04 14:11:47.911 [restartedMain] DEBUG framexteam.wolframx.authentication.config.SecurityConfiguration - Created DaoAuthenticationProvider bean
2024-05-04 14:11:48.341 [restartedMain] DEBUG framexteam.wolframx.authentication.config.SecurityConfiguration - Configuring HttpSecurity with authorized paths: org.springframework.security.config.annotation.web.configurers.AuthorizeHttpRequestsConfigurer$AuthorizationManagerRequestMatcherRegistry@2c50f1df
2024-05-04 14:12:43.361 [http-nio-8080-exec-2] INFO  framexteam.wolframx.authentication.controller.AuthorizationController - Попытка авторизации пользователя: n@gmail.com
2024-05-04 14:12:43.425 [http-nio-8080-exec-2] DEBUG framexteam.wolframx.authentication.service.MyUserDetailsService - Searching for user with email: n@gmail.com
2024-05-04 14:12:43.497 [http-nio-8080-exec-2] DEBUG framexteam.wolframx.authentication.service.MyUserDetailsService - Found user: email=n@gmail.com, status=online
2024-05-04 14:12:43.548 [http-nio-8080-exec-2] DEBUG framexteam.wolframx.authentication.service.UserService - Fetching user by email: n@gmail.com
2024-05-04 14:12:43.564 [http-nio-8080-exec-2] DEBUG framexteam.wolframx.authentication.service.UserService - Saving user: User(userId=1, email=n@gmail.com, password=$2a$10$GuVM38U6HRr7i0qWBhqP.ulbcmW2Tf9eqdp3aBIs7S2sMRb81fU2q, firstName=n, lastName=n, status=online)
2024-05-04 14:12:43.564 [http-nio-8080-exec-2] INFO  framexteam.wolframx.authentication.controller.AuthorizationController - Пользователь n@gmail.com успешно авторизован
2024-05-04 14:15:36.195 [http-nio-8080-exec-8] INFO  framexteam.wolframx.authentication.controller.AuthorizationController - Попытка авторизации пользователя: n@gmail.com
2024-05-04 14:15:36.195 [http-nio-8080-exec-8] DEBUG framexteam.wolframx.authentication.service.MyUserDetailsService - Searching for user with email: n@gmail.com
2024-05-04 14:15:36.211 [http-nio-8080-exec-8] DEBUG framexteam.wolframx.authentication.service.MyUserDetailsService - Found user: email=n@gmail.com, status=online
2024-05-04 14:15:36.276 [http-nio-8080-exec-8] DEBUG framexteam.wolframx.authentication.service.UserService - Fetching user by email: n@gmail.com
2024-05-04 14:15:36.276 [http-nio-8080-exec-8] DEBUG framexteam.wolframx.authentication.service.UserService - Saving user: User(userId=1, email=n@gmail.com, password=$2a$10$GuVM38U6HRr7i0qWBhqP.ulbcmW2Tf9eqdp3aBIs7S2sMRb81fU2q, firstName=n, lastName=n, status=online)
2024-05-04 14:15:36.291 [http-nio-8080-exec-8] INFO  framexteam.wolframx.authentication.controller.AuthorizationController - Пользователь n@gmail.com успешно авторизован
2024-05-04 14:16:22.795 [http-nio-8080-exec-6] INFO  framexteam.wolframx.authentication.controller.AuthorizationController - Попытка авторизации пользователя: n@gmail.com
2024-05-04 14:16:22.795 [http-nio-8080-exec-6] DEBUG framexteam.wolframx.authentication.service.MyUserDetailsService - Searching for user with email: n@gmail.com
2024-05-04 14:16:22.795 [http-nio-8080-exec-6] DEBUG framexteam.wolframx.authentication.service.MyUserDetailsService - Found user: email=n@gmail.com, status=online
2024-05-04 14:16:22.870 [http-nio-8080-exec-6] DEBUG framexteam.wolframx.authentication.service.UserService - Fetching user by email: n@gmail.com
2024-05-04 14:16:22.872 [http-nio-8080-exec-6] DEBUG framexteam.wolframx.authentication.service.UserService - Saving user: User(userId=1, email=n@gmail.com, password=$2a$10$GuVM38U6HRr7i0qWBhqP.ulbcmW2Tf9eqdp3aBIs7S2sMRb81fU2q, firstName=n, lastName=n, status=online)
2024-05-04 14:16:22.873 [http-nio-8080-exec-6] INFO  framexteam.wolframx.authentication.controller.AuthorizationController - Пользователь n@gmail.com успешно авторизован
2024-05-04 14:22:17.690 [http-nio-8080-exec-10] INFO  framexteam.wolframx.authentication.controller.AuthorizationController - Попытка авторизации пользователя: n@gmail.com
2024-05-04 14:22:17.694 [http-nio-8080-exec-10] DEBUG framexteam.wolframx.authentication.service.MyUserDetailsService - Searching for user with email: n@gmail.com
2024-05-04 14:22:17.694 [http-nio-8080-exec-10] DEBUG framexteam.wolframx.authentication.service.MyUserDetailsService - Found user: email=n@gmail.com, status=online
2024-05-04 14:22:17.771 [http-nio-8080-exec-10] DEBUG framexteam.wolframx.authentication.service.UserService - Fetching user by email: n@gmail.com
2024-05-04 14:22:17.774 [http-nio-8080-exec-10] DEBUG framexteam.wolframx.authentication.service.UserService - Saving user: User(userId=1, email=n@gmail.com, password=$2a$10$GuVM38U6HRr7i0qWBhqP.ulbcmW2Tf9eqdp3aBIs7S2sMRb81fU2q, firstName=n, lastName=n, status=online)
2024-05-04 14:22:17.775 [http-nio-8080-exec-10] INFO  framexteam.wolframx.authentication.controller.AuthorizationController - Пользователь n@gmail.com успешно авторизован
2024-05-04 14:25:03.205 [http-nio-8080-exec-6] INFO  framexteam.wolframx.authentication.controller.AuthorizationController - Попытка авторизации пользователя: n@gmail.com
2024-05-04 14:25:03.205 [http-nio-8080-exec-6] DEBUG framexteam.wolframx.authentication.service.MyUserDetailsService - Searching for user with email: n@gmail.com
2024-05-04 14:25:03.205 [http-nio-8080-exec-6] DEBUG framexteam.wolframx.authentication.service.MyUserDetailsService - Found user: email=n@gmail.com, status=online
2024-05-04 14:25:03.288 [http-nio-8080-exec-6] DEBUG framexteam.wolframx.authentication.service.UserService - Fetching user by email: n@gmail.com
2024-05-04 14:25:03.288 [http-nio-8080-exec-6] DEBUG framexteam.wolframx.authentication.service.UserService - Saving user: User(userId=1, email=n@gmail.com, password=$2a$10$GuVM38U6HRr7i0qWBhqP.ulbcmW2Tf9eqdp3aBIs7S2sMRb81fU2q, firstName=n, lastName=n, status=online)
2024-05-04 14:25:03.288 [http-nio-8080-exec-6] INFO  framexteam.wolframx.authentication.controller.AuthorizationController - Пользователь n@gmail.com успешно авторизован
2024-05-04 14:25:23.349 [http-nio-8080-exec-10] INFO  framexteam.wolframx.authentication.controller.AuthorizationController - Попытка авторизации пользователя: n@gmail.com
2024-05-04 14:25:23.349 [http-nio-8080-exec-10] DEBUG framexteam.wolframx.authentication.service.MyUserDetailsService - Searching for user with email: n@gmail.com
2024-05-04 14:25:23.349 [http-nio-8080-exec-10] DEBUG framexteam.wolframx.authentication.service.MyUserDetailsService - Found user: email=n@gmail.com, status=online
2024-05-04 14:25:23.417 [http-nio-8080-exec-10] DEBUG framexteam.wolframx.authentication.service.UserService - Fetching user by email: n@gmail.com
2024-05-04 14:25:23.433 [http-nio-8080-exec-10] DEBUG framexteam.wolframx.authentication.service.UserService - Saving user: User(userId=1, email=n@gmail.com, password=$2a$10$GuVM38U6HRr7i0qWBhqP.ulbcmW2Tf9eqdp3aBIs7S2sMRb81fU2q, firstName=n, lastName=n, status=online)
2024-05-04 14:25:23.433 [http-nio-8080-exec-10] INFO  framexteam.wolframx.authentication.controller.AuthorizationController - Пользователь n@gmail.com успешно авторизован
2024-05-04 14:27:39.635 [http-nio-8080-exec-9] INFO  framexteam.wolframx.authentication.controller.AuthorizationController - Попытка авторизации пользователя: n@gmail.com
2024-05-04 14:27:39.635 [http-nio-8080-exec-9] DEBUG framexteam.wolframx.authentication.service.MyUserDetailsService - Searching for user with email: n@gmail.com
2024-05-04 14:27:39.635 [http-nio-8080-exec-9] DEBUG framexteam.wolframx.authentication.service.MyUserDetailsService - Found user: email=n@gmail.com, status=online
2024-05-04 14:27:39.718 [http-nio-8080-exec-9] DEBUG framexteam.wolframx.authentication.service.UserService - Fetching user by email: n@gmail.com
2024-05-04 14:27:39.718 [http-nio-8080-exec-9] DEBUG framexteam.wolframx.authentication.service.UserService - Saving user: User(userId=1, email=n@gmail.com, password=$2a$10$GuVM38U6HRr7i0qWBhqP.ulbcmW2Tf9eqdp3aBIs7S2sMRb81fU2q, firstName=n, lastName=n, status=online)
2024-05-04 14:27:39.718 [http-nio-8080-exec-9] INFO  framexteam.wolframx.authentication.controller.AuthorizationController - Пользователь n@gmail.com успешно авторизован
2024-05-04 14:28:57.716 [http-nio-8080-exec-8] INFO  framexteam.wolframx.authentication.controller.AuthorizationController - Попытка авторизации пользователя: n@gmail.com
2024-05-04 14:28:57.716 [http-nio-8080-exec-8] DEBUG framexteam.wolframx.authentication.service.MyUserDetailsService - Searching for user with email: n@gmail.com
2024-05-04 14:28:57.716 [http-nio-8080-exec-8] DEBUG framexteam.wolframx.authentication.service.MyUserDetailsService - Found user: email=n@gmail.com, status=online
2024-05-04 14:28:57.800 [http-nio-8080-exec-8] DEBUG framexteam.wolframx.authentication.service.UserService - Fetching user by email: n@gmail.com
2024-05-04 14:28:57.800 [http-nio-8080-exec-8] DEBUG framexteam.wolframx.authentication.service.UserService - Saving user: User(userId=1, email=n@gmail.com, password=$2a$10$GuVM38U6HRr7i0qWBhqP.ulbcmW2Tf9eqdp3aBIs7S2sMRb81fU2q, firstName=n, lastName=n, status=online)
2024-05-04 14:28:57.800 [http-nio-8080-exec-8] INFO  framexteam.wolframx.authentication.controller.AuthorizationController - Пользователь n@gmail.com успешно авторизован
2024-05-04 14:37:18.182 [http-nio-8080-exec-6] INFO  framexteam.wolframx.authentication.controller.AuthorizationController - Попытка авторизации пользователя: n@gmail.com
2024-05-04 14:37:18.183 [http-nio-8080-exec-6] DEBUG framexteam.wolframx.authentication.service.MyUserDetailsService - Searching for user with email: n@gmail.com
2024-05-04 14:37:18.185 [http-nio-8080-exec-6] DEBUG framexteam.wolframx.authentication.service.MyUserDetailsService - Found user: email=n@gmail.com, status=online
2024-05-04 14:37:18.261 [http-nio-8080-exec-6] DEBUG framexteam.wolframx.authentication.service.UserService - Fetching user by email: n@gmail.com
2024-05-04 14:37:18.264 [http-nio-8080-exec-6] DEBUG framexteam.wolframx.authentication.service.UserService - Saving user: User(userId=1, email=n@gmail.com, password=$2a$10$GuVM38U6HRr7i0qWBhqP.ulbcmW2Tf9eqdp3aBIs7S2sMRb81fU2q, firstName=n, lastName=n, status=online)
2024-05-04 14:37:18.265 [http-nio-8080-exec-6] INFO  framexteam.wolframx.authentication.controller.AuthorizationController - Пользователь n@gmail.com успешно авторизован
2024-05-04 14:39:35.620 [http-nio-8080-exec-7] INFO  framexteam.wolframx.authentication.controller.AuthorizationController - Попытка авторизации пользователя: n@gmail.com
2024-05-04 14:39:35.621 [http-nio-8080-exec-7] DEBUG framexteam.wolframx.authentication.service.MyUserDetailsService - Searching for user with email: n@gmail.com
2024-05-04 14:39:35.624 [http-nio-8080-exec-7] DEBUG framexteam.wolframx.authentication.service.MyUserDetailsService - Found user: email=n@gmail.com, status=online
2024-05-04 14:39:35.699 [http-nio-8080-exec-7] DEBUG framexteam.wolframx.authentication.service.UserService - Fetching user by email: n@gmail.com
2024-05-04 14:39:35.702 [http-nio-8080-exec-7] DEBUG framexteam.wolframx.authentication.service.UserService - Saving user: User(userId=1, email=n@gmail.com, password=$2a$10$GuVM38U6HRr7i0qWBhqP.ulbcmW2Tf9eqdp3aBIs7S2sMRb81fU2q, firstName=n, lastName=n, status=online)
2024-05-04 14:39:35.703 [http-nio-8080-exec-7] INFO  framexteam.wolframx.authentication.controller.AuthorizationController - Пользователь n@gmail.com успешно авторизован
2024-05-04 14:43:38.297 [http-nio-8080-exec-7] INFO  framexteam.wolframx.authentication.controller.AuthorizationController - Попытка авторизации пользователя: name777
2024-05-04 14:43:38.298 [http-nio-8080-exec-7] DEBUG framexteam.wolframx.authentication.service.MyUserDetailsService - Searching for user with email: name777
2024-05-04 14:43:38.301 [http-nio-8080-exec-7] WARN  framexteam.wolframx.authentication.service.MyUserDetailsService - User not found with email: name777
2024-05-04 14:43:38.376 [http-nio-8080-exec-7] WARN  framexteam.wolframx.authentication.controller.AuthorizationController - Неудачная попытка входа для пользователя: name777
2024-05-04 14:43:45.317 [http-nio-8080-exec-9] INFO  framexteam.wolframx.authentication.controller.AuthorizationController - Попытка авторизации пользователя: diamondmaxbeats@gmail.com
2024-05-04 14:43:45.318 [http-nio-8080-exec-9] DEBUG framexteam.wolframx.authentication.service.MyUserDetailsService - Searching for user with email: diamondmaxbeats@gmail.com
2024-05-04 14:43:45.320 [http-nio-8080-exec-9] WARN  framexteam.wolframx.authentication.service.MyUserDetailsService - User not found with email: diamondmaxbeats@gmail.com
2024-05-04 14:43:45.395 [http-nio-8080-exec-9] WARN  framexteam.wolframx.authentication.controller.AuthorizationController - Неудачная попытка входа для пользователя: diamondmaxbeats@gmail.com
2024-05-04 14:43:53.255 [http-nio-8080-exec-5] INFO  framexteam.wolframx.authentication.controller.AuthorizationController - Попытка авторизации пользователя: example@gmail.com
2024-05-04 14:43:53.256 [http-nio-8080-exec-5] DEBUG framexteam.wolframx.authentication.service.MyUserDetailsService - Searching for user with email: example@gmail.com
2024-05-04 14:43:53.258 [http-nio-8080-exec-5] WARN  framexteam.wolframx.authentication.service.MyUserDetailsService - User not found with email: example@gmail.com
2024-05-04 14:43:53.332 [http-nio-8080-exec-5] WARN  framexteam.wolframx.authentication.controller.AuthorizationController - Неудачная попытка входа для пользователя: example@gmail.com
2024-05-04 14:44:12.691 [http-nio-8080-exec-8] DEBUG framexteam.wolframx.authentication.service.UserService - Checking if email exists: name1@gmail.com
2024-05-04 14:44:12.691 [http-nio-8080-exec-8] DEBUG framexteam.wolframx.authentication.service.UserService - Creating new user: firstName=name1, lastName=name1, email=name1@gmail.com
2024-05-04 14:44:12.784 [http-nio-8080-exec-8] INFO  framexteam.wolframx.authentication.service.UserService - Successfully registered new user with email: name1@gmail.com
2024-05-04 14:44:12.788 [http-nio-8080-exec-8] INFO  framexteam.wolframx.authentication.controller.RegistrationController - User successfully registered with email: name1@gmail.com
2024-05-04 14:44:26.518 [http-nio-8080-exec-3] INFO  framexteam.wolframx.authentication.controller.AuthorizationController - Попытка авторизации пользователя: name1@gmail.com
2024-05-04 14:44:26.518 [http-nio-8080-exec-3] DEBUG framexteam.wolframx.authentication.service.MyUserDetailsService - Searching for user with email: name1@gmail.com
2024-05-04 14:44:26.521 [http-nio-8080-exec-3] DEBUG framexteam.wolframx.authentication.service.MyUserDetailsService - Found user: email=name1@gmail.com, status=offline
2024-05-04 14:44:26.597 [http-nio-8080-exec-3] DEBUG framexteam.wolframx.authentication.service.UserService - Fetching user by email: name1@gmail.com
2024-05-04 14:44:26.600 [http-nio-8080-exec-3] DEBUG framexteam.wolframx.authentication.service.UserService - Saving user: User(userId=6, email=name1@gmail.com, password=$2a$10$oxFoaY6lIfHLstH65NC/.OP4R29OUTz5fJX64xvTYn/YlAkO3KHKG, firstName=name1, lastName=name1, status=online)
2024-05-04 14:44:26.612 [http-nio-8080-exec-3] INFO  framexteam.wolframx.authentication.controller.AuthorizationController - Пользователь name1@gmail.com успешно авторизован
2024-05-04 14:47:28.482 [http-nio-8080-exec-10] INFO  framexteam.wolframx.authentication.controller.AuthorizationController - Попытка авторизации пользователя: name1@gmail.com
2024-05-04 14:47:28.484 [http-nio-8080-exec-10] DEBUG framexteam.wolframx.authentication.service.MyUserDetailsService - Searching for user with email: name1@gmail.com
2024-05-04 14:47:28.485 [http-nio-8080-exec-10] DEBUG framexteam.wolframx.authentication.service.MyUserDetailsService - Found user: email=name1@gmail.com, status=online
2024-05-04 14:47:28.561 [http-nio-8080-exec-10] DEBUG framexteam.wolframx.authentication.service.UserService - Fetching user by email: name1@gmail.com
2024-05-04 14:47:28.564 [http-nio-8080-exec-10] DEBUG framexteam.wolframx.authentication.service.UserService - Saving user: User(userId=6, email=name1@gmail.com, password=$2a$10$oxFoaY6lIfHLstH65NC/.OP4R29OUTz5fJX64xvTYn/YlAkO3KHKG, firstName=name1, lastName=name1, status=online)
2024-05-04 14:47:28.565 [http-nio-8080-exec-10] INFO  framexteam.wolframx.authentication.controller.AuthorizationController - Пользователь name1@gmail.com успешно авторизован
2024-05-04 14:47:53.682 [http-nio-8080-exec-4] INFO  framexteam.wolframx.authentication.controller.AuthorizationController - Попытка авторизации пользователя: name1@gmail.com
2024-05-04 14:47:53.682 [http-nio-8080-exec-4] DEBUG framexteam.wolframx.authentication.service.MyUserDetailsService - Searching for user with email: name1@gmail.com
2024-05-04 14:47:53.686 [http-nio-8080-exec-4] DEBUG framexteam.wolframx.authentication.service.MyUserDetailsService - Found user: email=name1@gmail.com, status=online
2024-05-04 14:47:53.760 [http-nio-8080-exec-4] DEBUG framexteam.wolframx.authentication.service.UserService - Fetching user by email: name1@gmail.com
2024-05-04 14:47:53.764 [http-nio-8080-exec-4] DEBUG framexteam.wolframx.authentication.service.UserService - Saving user: User(userId=6, email=name1@gmail.com, password=$2a$10$oxFoaY6lIfHLstH65NC/.OP4R29OUTz5fJX64xvTYn/YlAkO3KHKG, firstName=name1, lastName=name1, status=online)
2024-05-04 14:47:53.764 [http-nio-8080-exec-4] INFO  framexteam.wolframx.authentication.controller.AuthorizationController - Пользователь name1@gmail.com успешно авторизован
2024-05-04 14:51:49.010 [restartedMain] DEBUG framexteam.wolframx.authentication.config.SecurityConfiguration - Created DaoAuthenticationProvider bean
2024-05-04 14:51:49.350 [restartedMain] DEBUG framexteam.wolframx.authentication.config.SecurityConfiguration - Configuring HttpSecurity with authorized paths: org.springframework.security.config.annotation.web.configurers.AuthorizeHttpRequestsConfigurer$AuthorizationManagerRequestMatcherRegistry@820347c
2024-05-04 14:54:56.553 [http-nio-8080-exec-19] INFO  framexteam.wolframx.authentication.controller.AuthorizationController - Попытка авторизации пользователя: name1@gmail.com
2024-05-04 14:54:56.615 [http-nio-8080-exec-19] DEBUG framexteam.wolframx.authentication.service.MyUserDetailsService - Searching for user with email: name1@gmail.com
2024-05-04 14:54:56.617 [http-nio-8080-exec-19] DEBUG framexteam.wolframx.authentication.service.MyUserDetailsService - Found user: email=name1@gmail.com, status=online
2024-05-04 14:54:56.677 [http-nio-8080-exec-19] DEBUG framexteam.wolframx.authentication.service.UserService - Fetching user by email: name1@gmail.com
2024-05-04 14:54:56.680 [http-nio-8080-exec-19] DEBUG framexteam.wolframx.authentication.service.UserService - Saving user: User(userId=6, email=name1@gmail.com, password=$2a$10$oxFoaY6lIfHLstH65NC/.OP4R29OUTz5fJX64xvTYn/YlAkO3KHKG, firstName=name1, lastName=name1, status=online)
2024-05-04 14:54:56.682 [http-nio-8080-exec-19] INFO  framexteam.wolframx.authentication.controller.AuthorizationController - Пользователь name1@gmail.com успешно авторизован
2024-05-04 14:55:56.160 [restartedMain] DEBUG framexteam.wolframx.authentication.config.SecurityConfiguration - Created DaoAuthenticationProvider bean
2024-05-04 14:55:56.378 [restartedMain] DEBUG framexteam.wolframx.authentication.config.SecurityConfiguration - Configuring HttpSecurity with authorized paths: org.springframework.security.config.annotation.web.configurers.AuthorizeHttpRequestsConfigurer$AuthorizationManagerRequestMatcherRegistry@4fcca7a9
2024-05-04 14:56:22.670 [http-nio-8080-exec-4] INFO  framexteam.wolframx.authentication.controller.AuthorizationController - Попытка авторизации пользователя: name1@gmail.com
2024-05-04 14:56:22.739 [http-nio-8080-exec-4] DEBUG framexteam.wolframx.authentication.service.MyUserDetailsService - Searching for user with email: name1@gmail.com
2024-05-04 14:56:22.741 [http-nio-8080-exec-4] DEBUG framexteam.wolframx.authentication.service.MyUserDetailsService - Found user: email=name1@gmail.com, status=online
2024-05-04 14:56:22.802 [http-nio-8080-exec-4] DEBUG framexteam.wolframx.authentication.service.UserService - Fetching user by email: name1@gmail.com
2024-05-04 14:56:22.803 [http-nio-8080-exec-4] DEBUG framexteam.wolframx.authentication.service.UserService - Saving user: User(userId=6, email=name1@gmail.com, password=$2a$10$oxFoaY6lIfHLstH65NC/.OP4R29OUTz5fJX64xvTYn/YlAkO3KHKG, firstName=name1, lastName=name1, status=online)
2024-05-04 14:56:22.805 [http-nio-8080-exec-4] INFO  framexteam.wolframx.authentication.controller.AuthorizationController - Пользователь name1@gmail.com успешно авторизован
2024-05-04 14:57:16.662 [http-nio-8080-exec-8] INFO  framexteam.wolframx.authentication.controller.AuthorizationController - Попытка авторизации пользователя: name1@gmail.com
2024-05-04 14:57:16.663 [http-nio-8080-exec-8] DEBUG framexteam.wolframx.authentication.service.MyUserDetailsService - Searching for user with email: name1@gmail.com
2024-05-04 14:57:16.665 [http-nio-8080-exec-8] DEBUG framexteam.wolframx.authentication.service.MyUserDetailsService - Found user: email=name1@gmail.com, status=online
2024-05-04 14:57:16.740 [http-nio-8080-exec-8] DEBUG framexteam.wolframx.authentication.service.UserService - Fetching user by email: name1@gmail.com
2024-05-04 14:57:16.743 [http-nio-8080-exec-8] DEBUG framexteam.wolframx.authentication.service.UserService - Saving user: User(userId=6, email=name1@gmail.com, password=$2a$10$oxFoaY6lIfHLstH65NC/.OP4R29OUTz5fJX64xvTYn/YlAkO3KHKG, firstName=name1, lastName=name1, status=online)
2024-05-04 14:57:16.743 [http-nio-8080-exec-8] INFO  framexteam.wolframx.authentication.controller.AuthorizationController - Пользователь name1@gmail.com успешно авторизован
2024-05-04 15:18:48.077 [restartedMain] DEBUG framexteam.wolframx.authentication.config.SecurityConfiguration - Created DaoAuthenticationProvider bean
2024-05-04 15:18:48.461 [restartedMain] DEBUG framexteam.wolframx.authentication.config.SecurityConfiguration - Configuring HttpSecurity with authorized paths: org.springframework.security.config.annotation.web.configurers.AuthorizeHttpRequestsConfigurer$AuthorizationManagerRequestMatcherRegistry@537c6ecb
2024-05-04 15:23:52.773 [restartedMain] DEBUG framexteam.wolframx.authentication.config.SecurityConfiguration - Created DaoAuthenticationProvider bean
2024-05-04 15:23:52.948 [restartedMain] DEBUG framexteam.wolframx.authentication.config.SecurityConfiguration - Configuring HttpSecurity with authorized paths: org.springframework.security.config.annotation.web.configurers.AuthorizeHttpRequestsConfigurer$AuthorizationManagerRequestMatcherRegistry@f9882f4
2024-05-04 15:24:54.348 [restartedMain] DEBUG framexteam.wolframx.authentication.config.SecurityConfiguration - Created DaoAuthenticationProvider bean
2024-05-04 15:24:54.566 [restartedMain] DEBUG framexteam.wolframx.authentication.config.SecurityConfiguration - Configuring HttpSecurity with authorized paths: org.springframework.security.config.annotation.web.configurers.AuthorizeHttpRequestsConfigurer$AuthorizationManagerRequestMatcherRegistry@6d9db05e
2024-05-04 20:55:12.400 [restartedMain] DEBUG framexteam.wolframx.authentication.config.SecurityConfiguration - Created DaoAuthenticationProvider bean
2024-05-04 20:55:12.797 [restartedMain] DEBUG framexteam.wolframx.authentication.config.SecurityConfiguration - Configuring HttpSecurity with authorized paths: org.springframework.security.config.annotation.web.configurers.AuthorizeHttpRequestsConfigurer$AuthorizationManagerRequestMatcherRegistry@295dd28b
2024-05-04 21:02:13.588 [http-nio-8080-exec-3] DEBUG framexteam.wolframx.authentication.service.UserService - Checking if email exists: diamondmaxbeats@gmail.com
2024-05-04 21:02:13.677 [http-nio-8080-exec-3] DEBUG framexteam.wolframx.authentication.service.UserService - Creating new user: firstName=test, lastName=test, email=diamondmaxbeats@gmail.com
2024-05-04 21:02:18.980 [http-nio-8080-exec-3] ERROR framexteam.wolframx.authentication.controller.RegistrationController - Unexpected error during registration
org.springframework.mail.MailSendException: Failed messages: org.eclipse.angus.mail.smtp.SMTPSendFailedException: 530-5.7.0 Must issue a STARTTLS command first. For more information, go to
530-5.7.0  https://support.google.com/a/answer/3221692 and review RFC 3207
530 5.7.0 specifications. j1-20020a170906474100b00a55892e840bsm3076185ejs.205 - gsmtp

	at org.springframework.mail.javamail.JavaMailSenderImpl.doSend(JavaMailSenderImpl.java:453) ~[spring-context-support-6.1.5.jar:6.1.5]
	at org.springframework.mail.javamail.JavaMailSenderImpl.send(JavaMailSenderImpl.java:317) ~[spring-context-support-6.1.5.jar:6.1.5]
	at org.springframework.mail.MailSender.send(MailSender.java:42) ~[spring-context-support-6.1.5.jar:6.1.5]
	at framexteam.wolframx.authentication.service.MailSender.send(MailSender.java:26) ~[classes/:?]
	at framexteam.wolframx.authentication.service.UserService.registerNewUserAccount(UserService.java:61) ~[classes/:?]
	at jdk.internal.reflect.NativeMethodAccessorImpl.invoke0(Native Method) ~[?:?]
	at jdk.internal.reflect.NativeMethodAccessorImpl.invoke(NativeMethodAccessorImpl.java:77) ~[?:?]
	at jdk.internal.reflect.DelegatingMethodAccessorImpl.invoke(DelegatingMethodAccessorImpl.java:43) ~[?:?]
	at java.lang.reflect.Method.invoke(Method.java:568) ~[?:?]
	at org.springframework.aop.support.AopUtils.invokeJoinpointUsingReflection(AopUtils.java:351) ~[spring-aop-6.1.5.jar:6.1.5]
	at org.springframework.aop.framework.ReflectiveMethodInvocation.invokeJoinpoint(ReflectiveMethodInvocation.java:196) ~[spring-aop-6.1.5.jar:6.1.5]
	at org.springframework.aop.framework.ReflectiveMethodInvocation.proceed(ReflectiveMethodInvocation.java:163) ~[spring-aop-6.1.5.jar:6.1.5]
	at org.springframework.aop.framework.CglibAopProxy$CglibMethodInvocation.proceed(CglibAopProxy.java:765) ~[spring-aop-6.1.5.jar:6.1.5]
	at org.springframework.transaction.interceptor.TransactionInterceptor$1.proceedWithInvocation(TransactionInterceptor.java:123) ~[spring-tx-6.1.5.jar:6.1.5]
	at org.springframework.transaction.interceptor.TransactionAspectSupport.invokeWithinTransaction(TransactionAspectSupport.java:392) ~[spring-tx-6.1.5.jar:6.1.5]
	at org.springframework.transaction.interceptor.TransactionInterceptor.invoke(TransactionInterceptor.java:119) ~[spring-tx-6.1.5.jar:6.1.5]
	at org.springframework.aop.framework.ReflectiveMethodInvocation.proceed(ReflectiveMethodInvocation.java:184) ~[spring-aop-6.1.5.jar:6.1.5]
	at org.springframework.aop.framework.CglibAopProxy$CglibMethodInvocation.proceed(CglibAopProxy.java:765) ~[spring-aop-6.1.5.jar:6.1.5]
	at org.springframework.aop.framework.CglibAopProxy$DynamicAdvisedInterceptor.intercept(CglibAopProxy.java:717) ~[spring-aop-6.1.5.jar:6.1.5]
	at framexteam.wolframx.authentication.service.UserService$$SpringCGLIB$$0.registerNewUserAccount(<generated>) ~[classes/:?]
	at framexteam.wolframx.authentication.controller.RegistrationController.registerUserAccount(RegistrationController.java:51) ~[classes/:?]
	at jdk.internal.reflect.NativeMethodAccessorImpl.invoke0(Native Method) ~[?:?]
	at jdk.internal.reflect.NativeMethodAccessorImpl.invoke(NativeMethodAccessorImpl.java:77) ~[?:?]
	at jdk.internal.reflect.DelegatingMethodAccessorImpl.invoke(DelegatingMethodAccessorImpl.java:43) ~[?:?]
	at java.lang.reflect.Method.invoke(Method.java:568) ~[?:?]
	at org.springframework.web.method.support.InvocableHandlerMethod.doInvoke(InvocableHandlerMethod.java:255) ~[spring-web-6.1.5.jar:6.1.5]
	at org.springframework.web.method.support.InvocableHandlerMethod.invokeForRequest(InvocableHandlerMethod.java:188) ~[spring-web-6.1.5.jar:6.1.5]
	at org.springframework.web.servlet.mvc.method.annotation.ServletInvocableHandlerMethod.invokeAndHandle(ServletInvocableHandlerMethod.java:118) ~[spring-webmvc-6.1.5.jar:6.1.5]
	at org.springframework.web.servlet.mvc.method.annotation.RequestMappingHandlerAdapter.invokeHandlerMethod(RequestMappingHandlerAdapter.java:925) ~[spring-webmvc-6.1.5.jar:6.1.5]
	at org.springframework.web.servlet.mvc.method.annotation.RequestMappingHandlerAdapter.handleInternal(RequestMappingHandlerAdapter.java:830) ~[spring-webmvc-6.1.5.jar:6.1.5]
	at org.springframework.web.servlet.mvc.method.AbstractHandlerMethodAdapter.handle(AbstractHandlerMethodAdapter.java:87) ~[spring-webmvc-6.1.5.jar:6.1.5]
	at org.springframework.web.servlet.DispatcherServlet.doDispatch(DispatcherServlet.java:1089) ~[spring-webmvc-6.1.5.jar:6.1.5]
	at org.springframework.web.servlet.DispatcherServlet.doService(DispatcherServlet.java:979) ~[spring-webmvc-6.1.5.jar:6.1.5]
	at org.springframework.web.servlet.FrameworkServlet.processRequest(FrameworkServlet.java:1014) ~[spring-webmvc-6.1.5.jar:6.1.5]
	at org.springframework.web.servlet.FrameworkServlet.doPost(FrameworkServlet.java:914) ~[spring-webmvc-6.1.5.jar:6.1.5]
	at jakarta.servlet.http.HttpServlet.service(HttpServlet.java:590) ~[tomcat-embed-core-10.1.19.jar:6.0]
	at org.springframework.web.servlet.FrameworkServlet.service(FrameworkServlet.java:885) ~[spring-webmvc-6.1.5.jar:6.1.5]
	at jakarta.servlet.http.HttpServlet.service(HttpServlet.java:658) ~[tomcat-embed-core-10.1.19.jar:6.0]
	at org.apache.catalina.core.ApplicationFilterChain.internalDoFilter(ApplicationFilterChain.java:205) ~[tomcat-embed-core-10.1.19.jar:10.1.19]
	at org.apache.catalina.core.ApplicationFilterChain.doFilter(ApplicationFilterChain.java:149) ~[tomcat-embed-core-10.1.19.jar:10.1.19]
	at org.apache.tomcat.websocket.server.WsFilter.doFilter(WsFilter.java:51) ~[tomcat-embed-websocket-10.1.19.jar:10.1.19]
	at org.apache.catalina.core.ApplicationFilterChain.internalDoFilter(ApplicationFilterChain.java:174) ~[tomcat-embed-core-10.1.19.jar:10.1.19]
	at org.apache.catalina.core.ApplicationFilterChain.doFilter(ApplicationFilterChain.java:149) ~[tomcat-embed-core-10.1.19.jar:10.1.19]
	at org.springframework.web.filter.CompositeFilter$VirtualFilterChain.doFilter(CompositeFilter.java:108) ~[spring-web-6.1.5.jar:6.1.5]
	at org.springframework.security.web.FilterChainProxy.lambda$doFilterInternal$3(FilterChainProxy.java:231) ~[spring-security-web-6.2.3.jar:6.2.3]
	at org.springframework.security.web.FilterChainProxy$VirtualFilterChain.doFilter(FilterChainProxy.java:365) ~[spring-security-web-6.2.3.jar:6.2.3]
	at org.springframework.security.web.access.intercept.AuthorizationFilter.doFilter(AuthorizationFilter.java:100) ~[spring-security-web-6.2.3.jar:6.2.3]
	at org.springframework.security.web.FilterChainProxy$VirtualFilterChain.doFilter(FilterChainProxy.java:374) ~[spring-security-web-6.2.3.jar:6.2.3]
	at org.springframework.security.web.access.ExceptionTranslationFilter.doFilter(ExceptionTranslationFilter.java:126) ~[spring-security-web-6.2.3.jar:6.2.3]
	at org.springframework.security.web.access.ExceptionTranslationFilter.doFilter(ExceptionTranslationFilter.java:120) ~[spring-security-web-6.2.3.jar:6.2.3]
	at org.springframework.security.web.FilterChainProxy$VirtualFilterChain.doFilter(FilterChainProxy.java:374) ~[spring-security-web-6.2.3.jar:6.2.3]
	at org.springframework.security.web.authentication.AnonymousAuthenticationFilter.doFilter(AnonymousAuthenticationFilter.java:100) ~[spring-security-web-6.2.3.jar:6.2.3]
	at org.springframework.security.web.FilterChainProxy$VirtualFilterChain.doFilter(FilterChainProxy.java:374) ~[spring-security-web-6.2.3.jar:6.2.3]
	at org.springframework.security.web.servletapi.SecurityContextHolderAwareRequestFilter.doFilter(SecurityContextHolderAwareRequestFilter.java:179) ~[spring-security-web-6.2.3.jar:6.2.3]
	at org.springframework.security.web.FilterChainProxy$VirtualFilterChain.doFilter(FilterChainProxy.java:374) ~[spring-security-web-6.2.3.jar:6.2.3]
	at org.springframework.security.web.savedrequest.RequestCacheAwareFilter.doFilter(RequestCacheAwareFilter.java:63) ~[spring-security-web-6.2.3.jar:6.2.3]
	at org.springframework.security.web.FilterChainProxy$VirtualFilterChain.doFilter(FilterChainProxy.java:374) ~[spring-security-web-6.2.3.jar:6.2.3]
	at org.springframework.security.web.authentication.ui.DefaultLogoutPageGeneratingFilter.doFilterInternal(DefaultLogoutPageGeneratingFilter.java:58) ~[spring-security-web-6.2.3.jar:6.2.3]
	at org.springframework.web.filter.OncePerRequestFilter.doFilter(OncePerRequestFilter.java:116) ~[spring-web-6.1.5.jar:6.1.5]
	at org.springframework.security.web.FilterChainProxy$VirtualFilterChain.doFilter(FilterChainProxy.java:374) ~[spring-security-web-6.2.3.jar:6.2.3]
	at org.springframework.security.web.authentication.ui.DefaultLoginPageGeneratingFilter.doFilter(DefaultLoginPageGeneratingFilter.java:189) ~[spring-security-web-6.2.3.jar:6.2.3]
	at org.springframework.security.web.authentication.ui.DefaultLoginPageGeneratingFilter.doFilter(DefaultLoginPageGeneratingFilter.java:175) ~[spring-security-web-6.2.3.jar:6.2.3]
	at org.springframework.security.web.FilterChainProxy$VirtualFilterChain.doFilter(FilterChainProxy.java:374) ~[spring-security-web-6.2.3.jar:6.2.3]
	at org.springframework.security.web.authentication.AbstractAuthenticationProcessingFilter.doFilter(AbstractAuthenticationProcessingFilter.java:227) ~[spring-security-web-6.2.3.jar:6.2.3]
	at org.springframework.security.web.authentication.AbstractAuthenticationProcessingFilter.doFilter(AbstractAuthenticationProcessingFilter.java:221) ~[spring-security-web-6.2.3.jar:6.2.3]
	at org.springframework.security.web.FilterChainProxy$VirtualFilterChain.doFilter(FilterChainProxy.java:374) ~[spring-security-web-6.2.3.jar:6.2.3]
	at org.springframework.security.web.authentication.logout.LogoutFilter.doFilter(LogoutFilter.java:107) ~[spring-security-web-6.2.3.jar:6.2.3]
	at org.springframework.security.web.authentication.logout.LogoutFilter.doFilter(LogoutFilter.java:93) ~[spring-security-web-6.2.3.jar:6.2.3]
	at org.springframework.security.web.FilterChainProxy$VirtualFilterChain.doFilter(FilterChainProxy.java:374) ~[spring-security-web-6.2.3.jar:6.2.3]
	at org.springframework.web.filter.CorsFilter.doFilterInternal(CorsFilter.java:91) ~[spring-web-6.1.5.jar:6.1.5]
	at org.springframework.web.filter.OncePerRequestFilter.doFilter(OncePerRequestFilter.java:116) ~[spring-web-6.1.5.jar:6.1.5]
	at org.springframework.security.web.FilterChainProxy$VirtualFilterChain.doFilter(FilterChainProxy.java:374) ~[spring-security-web-6.2.3.jar:6.2.3]
	at org.springframework.security.web.header.HeaderWriterFilter.doHeadersAfter(HeaderWriterFilter.java:90) ~[spring-security-web-6.2.3.jar:6.2.3]
	at org.springframework.security.web.header.HeaderWriterFilter.doFilterInternal(HeaderWriterFilter.java:75) ~[spring-security-web-6.2.3.jar:6.2.3]
	at org.springframework.web.filter.OncePerRequestFilter.doFilter(OncePerRequestFilter.java:116) ~[spring-web-6.1.5.jar:6.1.5]
	at org.springframework.security.web.FilterChainProxy$VirtualFilterChain.doFilter(FilterChainProxy.java:374) ~[spring-security-web-6.2.3.jar:6.2.3]
	at org.springframework.security.web.context.SecurityContextHolderFilter.doFilter(SecurityContextHolderFilter.java:82) ~[spring-security-web-6.2.3.jar:6.2.3]
	at org.springframework.security.web.context.SecurityContextHolderFilter.doFilter(SecurityContextHolderFilter.java:69) ~[spring-security-web-6.2.3.jar:6.2.3]
	at org.springframework.security.web.FilterChainProxy$VirtualFilterChain.doFilter(FilterChainProxy.java:374) ~[spring-security-web-6.2.3.jar:6.2.3]
	at org.springframework.security.web.context.request.async.WebAsyncManagerIntegrationFilter.doFilterInternal(WebAsyncManagerIntegrationFilter.java:62) ~[spring-security-web-6.2.3.jar:6.2.3]
	at org.springframework.web.filter.OncePerRequestFilter.doFilter(OncePerRequestFilter.java:116) ~[spring-web-6.1.5.jar:6.1.5]
	at org.springframework.security.web.FilterChainProxy$VirtualFilterChain.doFilter(FilterChainProxy.java:374) ~[spring-security-web-6.2.3.jar:6.2.3]
	at org.springframework.security.web.session.DisableEncodeUrlFilter.doFilterInternal(DisableEncodeUrlFilter.java:42) ~[spring-security-web-6.2.3.jar:6.2.3]
	at org.springframework.web.filter.OncePerRequestFilter.doFilter(OncePerRequestFilter.java:116) ~[spring-web-6.1.5.jar:6.1.5]
	at org.springframework.security.web.FilterChainProxy$VirtualFilterChain.doFilter(FilterChainProxy.java:374) ~[spring-security-web-6.2.3.jar:6.2.3]
	at org.springframework.security.web.FilterChainProxy.doFilterInternal(FilterChainProxy.java:233) ~[spring-security-web-6.2.3.jar:6.2.3]
	at org.springframework.security.web.FilterChainProxy.doFilter(FilterChainProxy.java:191) ~[spring-security-web-6.2.3.jar:6.2.3]
	at org.springframework.web.filter.CompositeFilter$VirtualFilterChain.doFilter(CompositeFilter.java:113) ~[spring-web-6.1.5.jar:6.1.5]
	at org.springframework.web.servlet.handler.HandlerMappingIntrospector.lambda$createCacheFilter$3(HandlerMappingIntrospector.java:195) ~[spring-webmvc-6.1.5.jar:6.1.5]
	at org.springframework.web.filter.CompositeFilter$VirtualFilterChain.doFilter(CompositeFilter.java:113) ~[spring-web-6.1.5.jar:6.1.5]
	at org.springframework.web.filter.CompositeFilter.doFilter(CompositeFilter.java:74) ~[spring-web-6.1.5.jar:6.1.5]
	at org.springframework.security.config.annotation.web.configuration.WebMvcSecurityConfiguration$CompositeFilterChainProxy.doFilter(WebMvcSecurityConfiguration.java:230) ~[spring-security-config-6.2.3.jar:6.2.3]
	at org.springframework.web.filter.DelegatingFilterProxy.invokeDelegate(DelegatingFilterProxy.java:352) ~[spring-web-6.1.5.jar:6.1.5]
	at org.springframework.web.filter.DelegatingFilterProxy.doFilter(DelegatingFilterProxy.java:268) ~[spring-web-6.1.5.jar:6.1.5]
	at org.apache.catalina.core.ApplicationFilterChain.internalDoFilter(ApplicationFilterChain.java:174) ~[tomcat-embed-core-10.1.19.jar:10.1.19]
	at org.apache.catalina.core.ApplicationFilterChain.doFilter(ApplicationFilterChain.java:149) ~[tomcat-embed-core-10.1.19.jar:10.1.19]
	at org.springframework.web.filter.RequestContextFilter.doFilterInternal(RequestContextFilter.java:100) ~[spring-web-6.1.5.jar:6.1.5]
	at org.springframework.web.filter.OncePerRequestFilter.doFilter(OncePerRequestFilter.java:116) ~[spring-web-6.1.5.jar:6.1.5]
	at org.apache.catalina.core.ApplicationFilterChain.internalDoFilter(ApplicationFilterChain.java:174) ~[tomcat-embed-core-10.1.19.jar:10.1.19]
	at org.apache.catalina.core.ApplicationFilterChain.doFilter(ApplicationFilterChain.java:149) ~[tomcat-embed-core-10.1.19.jar:10.1.19]
	at org.springframework.web.filter.FormContentFilter.doFilterInternal(FormContentFilter.java:93) ~[spring-web-6.1.5.jar:6.1.5]
	at org.springframework.web.filter.OncePerRequestFilter.doFilter(OncePerRequestFilter.java:116) ~[spring-web-6.1.5.jar:6.1.5]
	at org.apache.catalina.core.ApplicationFilterChain.internalDoFilter(ApplicationFilterChain.java:174) ~[tomcat-embed-core-10.1.19.jar:10.1.19]
	at org.apache.catalina.core.ApplicationFilterChain.doFilter(ApplicationFilterChain.java:149) ~[tomcat-embed-core-10.1.19.jar:10.1.19]
	at org.springframework.web.filter.CharacterEncodingFilter.doFilterInternal(CharacterEncodingFilter.java:201) ~[spring-web-6.1.5.jar:6.1.5]
	at org.springframework.web.filter.OncePerRequestFilter.doFilter(OncePerRequestFilter.java:116) ~[spring-web-6.1.5.jar:6.1.5]
	at org.apache.catalina.core.ApplicationFilterChain.internalDoFilter(ApplicationFilterChain.java:174) ~[tomcat-embed-core-10.1.19.jar:10.1.19]
	at org.apache.catalina.core.ApplicationFilterChain.doFilter(ApplicationFilterChain.java:149) ~[tomcat-embed-core-10.1.19.jar:10.1.19]
	at org.apache.catalina.core.StandardWrapperValve.invoke(StandardWrapperValve.java:167) ~[tomcat-embed-core-10.1.19.jar:10.1.19]
	at org.apache.catalina.core.StandardContextValve.invoke(StandardContextValve.java:90) ~[tomcat-embed-core-10.1.19.jar:10.1.19]
	at org.apache.catalina.authenticator.AuthenticatorBase.invoke(AuthenticatorBase.java:482) ~[tomcat-embed-core-10.1.19.jar:10.1.19]
	at org.apache.catalina.core.StandardHostValve.invoke(StandardHostValve.java:115) ~[tomcat-embed-core-10.1.19.jar:10.1.19]
	at org.apache.catalina.valves.ErrorReportValve.invoke(ErrorReportValve.java:93) ~[tomcat-embed-core-10.1.19.jar:10.1.19]
	at org.apache.catalina.core.StandardEngineValve.invoke(StandardEngineValve.java:74) ~[tomcat-embed-core-10.1.19.jar:10.1.19]
	at org.apache.catalina.connector.CoyoteAdapter.service(CoyoteAdapter.java:344) ~[tomcat-embed-core-10.1.19.jar:10.1.19]
	at org.apache.coyote.http11.Http11Processor.service(Http11Processor.java:391) ~[tomcat-embed-core-10.1.19.jar:10.1.19]
	at org.apache.coyote.AbstractProcessorLight.process(AbstractProcessorLight.java:63) ~[tomcat-embed-core-10.1.19.jar:10.1.19]
	at org.apache.coyote.AbstractProtocol$ConnectionHandler.process(AbstractProtocol.java:896) ~[tomcat-embed-core-10.1.19.jar:10.1.19]
	at org.apache.tomcat.util.net.NioEndpoint$SocketProcessor.doRun(NioEndpoint.java:1744) ~[tomcat-embed-core-10.1.19.jar:10.1.19]
	at org.apache.tomcat.util.net.SocketProcessorBase.run(SocketProcessorBase.java:52) ~[tomcat-embed-core-10.1.19.jar:10.1.19]
	at org.apache.tomcat.util.threads.ThreadPoolExecutor.runWorker(ThreadPoolExecutor.java:1191) ~[tomcat-embed-core-10.1.19.jar:10.1.19]
	at org.apache.tomcat.util.threads.ThreadPoolExecutor$Worker.run(ThreadPoolExecutor.java:659) ~[tomcat-embed-core-10.1.19.jar:10.1.19]
	at org.apache.tomcat.util.threads.TaskThread$WrappingRunnable.run(TaskThread.java:63) ~[tomcat-embed-core-10.1.19.jar:10.1.19]
	at java.lang.Thread.run(Thread.java:833) ~[?:?]
2024-05-04 21:08:48.157 [restartedMain] DEBUG framexteam.wolframx.authentication.config.SecurityConfiguration - Created DaoAuthenticationProvider bean
2024-05-04 21:08:48.356 [restartedMain] DEBUG framexteam.wolframx.authentication.config.SecurityConfiguration - Configuring HttpSecurity with authorized paths: org.springframework.security.config.annotation.web.configurers.AuthorizeHttpRequestsConfigurer$AuthorizationManagerRequestMatcherRegistry@61cca080
2024-05-04 21:08:58.212 [http-nio-8080-exec-4] DEBUG framexteam.wolframx.authentication.service.UserService - Checking if email exists: diamondmaxbeats@gmail.com
2024-05-04 21:08:58.215 [http-nio-8080-exec-4] DEBUG framexteam.wolframx.authentication.service.UserService - Creating new user: firstName=test, lastName=test, email=diamondmaxbeats@gmail.com
2024-05-04 21:09:08.606 [http-nio-8080-exec-4] INFO  framexteam.wolframx.authentication.service.UserService - Successfully registered new user with email: diamondmaxbeats@gmail.com
2024-05-04 21:09:08.613 [http-nio-8080-exec-4] INFO  framexteam.wolframx.authentication.controller.RegistrationController - User successfully registered with email: diamondmaxbeats@gmail.com
2024-05-04 21:41:42.674 [restartedMain] DEBUG framexteam.wolframx.authentication.config.SecurityConfiguration - Created DaoAuthenticationProvider bean
2024-05-04 21:41:43.088 [restartedMain] DEBUG framexteam.wolframx.authentication.config.SecurityConfiguration - Configuring HttpSecurity with authorized paths: org.springframework.security.config.annotation.web.configurers.AuthorizeHttpRequestsConfigurer$AuthorizationManagerRequestMatcherRegistry@4ff8bad5
2024-05-04 21:44:58.487 [http-nio-8080-exec-2] DEBUG framexteam.wolframx.authentication.service.UserService - Checking if email exists: 54k8u6@onemail.host
2024-05-04 21:44:58.576 [http-nio-8080-exec-2] DEBUG framexteam.wolframx.authentication.service.UserService - Creating new user: firstName=test, lastName=test, email=54k8u6@onemail.host
2024-05-04 21:45:09.260 [http-nio-8080-exec-2] INFO  framexteam.wolframx.authentication.service.UserService - Successfully registered new user with email: 54k8u6@onemail.host
2024-05-04 21:45:09.268 [http-nio-8080-exec-2] INFO  framexteam.wolframx.authentication.controller.RegistrationController - User successfully registered with email: 54k8u6@onemail.host
2024-05-04 21:47:16.759 [restartedMain] DEBUG framexteam.wolframx.authentication.config.SecurityConfiguration - Created DaoAuthenticationProvider bean
2024-05-04 21:47:16.930 [restartedMain] DEBUG framexteam.wolframx.authentication.config.SecurityConfiguration - Configuring HttpSecurity with authorized paths: org.springframework.security.config.annotation.web.configurers.AuthorizeHttpRequestsConfigurer$AuthorizationManagerRequestMatcherRegistry@10380dab
2024-05-04 21:48:44.008 [http-nio-8080-exec-2] DEBUG framexteam.wolframx.authentication.service.UserService - Checking if email exists: nayife9945@agafx.com
2024-05-04 21:48:44.011 [http-nio-8080-exec-2] DEBUG framexteam.wolframx.authentication.service.UserService - Creating new user: firstName=test, lastName=test, email=nayife9945@agafx.com
2024-05-04 21:48:54.822 [http-nio-8080-exec-2] INFO  framexteam.wolframx.authentication.service.UserService - Successfully registered new user with email: nayife9945@agafx.com
2024-05-04 21:48:54.824 [http-nio-8080-exec-2] INFO  framexteam.wolframx.authentication.controller.RegistrationController - User successfully registered with email: nayife9945@agafx.com
2024-05-04 21:50:54.331 [restartedMain] DEBUG framexteam.wolframx.authentication.config.SecurityConfiguration - Created DaoAuthenticationProvider bean
2024-05-04 21:50:54.490 [restartedMain] DEBUG framexteam.wolframx.authentication.config.SecurityConfiguration - Configuring HttpSecurity with authorized paths: org.springframework.security.config.annotation.web.configurers.AuthorizeHttpRequestsConfigurer$AuthorizationManagerRequestMatcherRegistry@7942d13d
2024-05-04 21:51:34.825 [restartedMain] DEBUG framexteam.wolframx.authentication.config.SecurityConfiguration - Created DaoAuthenticationProvider bean
2024-05-04 21:51:35.028 [restartedMain] DEBUG framexteam.wolframx.authentication.config.SecurityConfiguration - Configuring HttpSecurity with authorized paths: org.springframework.security.config.annotation.web.configurers.AuthorizeHttpRequestsConfigurer$AuthorizationManagerRequestMatcherRegistry@6d0b16ff
2024-05-04 21:54:21.438 [restartedMain] DEBUG framexteam.wolframx.authentication.config.SecurityConfiguration - Created DaoAuthenticationProvider bean
2024-05-04 21:54:21.610 [restartedMain] DEBUG framexteam.wolframx.authentication.config.SecurityConfiguration - Configuring HttpSecurity with authorized paths: org.springframework.security.config.annotation.web.configurers.AuthorizeHttpRequestsConfigurer$AuthorizationManagerRequestMatcherRegistry@77a98e1a
