2024-05-06 16:28:10.102 [restartedMain] INFO  framexteam.wolframx.WolframxApplication - Starting WolframxApplication using Java 17.0.8.1 with PID 15852 (D:\University\Labs\RIPS\WolframX\WolframX\wolframx\target\classes started by Maks in D:\University\Labs\RIPS\WolframX\WolframX\wolframx)
2024-05-06 16:28:10.113 [restartedMain] INFO  framexteam.wolframx.WolframxApplication - No active profile set, falling back to 1 default profile: "default"
2024-05-06 16:28:10.147 [restartedMain] INFO  org.springframework.boot.devtools.env.DevToolsPropertyDefaultsPostProcessor - Devtools property defaults active! Set 'spring.devtools.add-properties' to 'false' to disable
2024-05-06 16:28:10.147 [restartedMain] INFO  org.springframework.boot.devtools.env.DevToolsPropertyDefaultsPostProcessor - For additional web related logging consider setting the 'logging.level.web' property to 'DEBUG'
2024-05-06 16:28:10.990 [restartedMain] INFO  org.springframework.data.repository.config.RepositoryConfigurationDelegate - Bootstrapping Spring Data JPA repositories in DEFAULT mode.
2024-05-06 16:28:11.033 [restartedMain] INFO  org.springframework.data.repository.config.RepositoryConfigurationDelegate - Finished Spring Data repository scanning in 47 ms. Found 1 JPA repository interface.
2024-05-06 16:28:11.584 [restartedMain] INFO  org.springframework.boot.web.embedded.tomcat.TomcatWebServer - Tomcat initialized with port 8080 (http)
2024-05-06 16:28:11.644 [restartedMain] INFO  org.springframework.boot.web.servlet.context.ServletWebServerApplicationContext - Root WebApplicationContext: initialization completed in 1497 ms
2024-05-06 16:28:11.793 [restartedMain] INFO  org.hibernate.jpa.internal.util.LogHelper - HHH000204: Processing PersistenceUnitInfo [name: default]
2024-05-06 16:28:11.840 [restartedMain] INFO  org.hibernate.Version - HHH000412: Hibernate ORM core version 6.4.4.Final
2024-05-06 16:28:11.865 [restartedMain] INFO  org.hibernate.cache.internal.RegionFactoryInitiator - HHH000026: Second-level cache disabled
2024-05-06 16:28:12.056 [restartedMain] INFO  org.springframework.orm.jpa.persistenceunit.SpringPersistenceUnitInfo - No LoadTimeWeaver setup: ignoring JPA class transformer
2024-05-06 16:28:13.088 [restartedMain] INFO  org.hibernate.engine.transaction.jta.platform.internal.JtaPlatformInitiator - HHH000489: No JTA platform available (set 'hibernate.transaction.jta.platform' to enable JTA platform integration)
2024-05-06 16:28:13.142 [restartedMain] INFO  org.springframework.orm.jpa.LocalContainerEntityManagerFactoryBean - Initialized JPA EntityManagerFactory for persistence unit 'default'
2024-05-06 16:28:13.473 [restartedMain] WARN  org.springframework.boot.autoconfigure.orm.jpa.JpaBaseConfiguration$JpaWebConfiguration - spring.jpa.open-in-view is enabled by default. Therefore, database queries may be performed during view rendering. Explicitly configure spring.jpa.open-in-view to disable this warning
2024-05-06 16:28:14.023 [restartedMain] INFO  org.springframework.security.web.DefaultSecurityFilterChain - Will secure any request with [org.springframework.security.web.session.DisableEncodeUrlFilter@17e4a93f, org.springframework.security.web.context.request.async.WebAsyncManagerIntegrationFilter@73da33c4, org.springframework.security.web.context.SecurityContextHolderFilter@922f159, org.springframework.security.web.header.HeaderWriterFilter@1a49cc51, org.springframework.web.filter.CorsFilter@3ceed088, org.springframework.security.web.authentication.logout.LogoutFilter@18830f8c, org.springframework.security.web.authentication.UsernamePasswordAuthenticationFilter@3f0e0eb1, org.springframework.security.web.authentication.ui.DefaultLoginPageGeneratingFilter@6762270c, org.springframework.security.web.authentication.ui.DefaultLogoutPageGeneratingFilter@634acaf7, org.springframework.security.web.savedrequest.RequestCacheAwareFilter@7d2249ec, org.springframework.security.web.servletapi.SecurityContextHolderAwareRequestFilter@d5beecb, org.springframework.security.web.authentication.AnonymousAuthenticationFilter@51553af0, org.springframework.security.web.access.ExceptionTranslationFilter@504e513, org.springframework.security.web.access.intercept.AuthorizationFilter@78c7ad5]
2024-05-06 16:28:14.207 [restartedMain] INFO  org.springframework.boot.devtools.autoconfigure.OptionalLiveReloadServer - LiveReload server is running on port 35729
2024-05-06 16:28:14.244 [restartedMain] INFO  org.springframework.boot.web.embedded.tomcat.TomcatWebServer - Tomcat started on port 8080 (http) with context path ''
2024-05-06 16:28:14.244 [restartedMain] INFO  org.springframework.messaging.simp.broker.SimpleBrokerMessageHandler - Starting...
2024-05-06 16:28:14.244 [restartedMain] INFO  org.springframework.messaging.simp.broker.SimpleBrokerMessageHandler - BrokerAvailabilityEvent[available=true, SimpleBrokerMessageHandler [org.springframework.messaging.simp.broker.DefaultSubscriptionRegistry@66be48e8]]
2024-05-06 16:28:14.244 [restartedMain] INFO  org.springframework.messaging.simp.broker.SimpleBrokerMessageHandler - Started.
2024-05-06 16:28:14.244 [restartedMain] INFO  framexteam.wolframx.WolframxApplication - Started WolframxApplication in 4.465 seconds (process running for 5.131)
2024-05-06 16:29:14.235 [MessageBroker-1] INFO  org.springframework.web.socket.config.WebSocketMessageBrokerStats - WebSocketSession[0 current WS(0)-HttpStream(0)-HttpPoll(0), 0 total, 0 closed abnormally (0 connect failure, 0 send limit, 0 transport error)], stompSubProtocol[processed CONNECT(0)-CONNECTED(0)-DISCONNECT(0)], stompBrokerRelay[null], inboundChannel[pool size = 0, active threads = 0, queued tasks = 0, completed tasks = 0], outboundChannel[pool size = 0, active threads = 0, queued tasks = 0, completed tasks = 0], sockJsScheduler[pool size = 1, active threads = 1, queued tasks = 0, completed tasks = 0]
2024-05-06 16:32:05.802 [http-nio-8080-exec-1] INFO  org.springframework.web.servlet.DispatcherServlet - Initializing Servlet 'dispatcherServlet'
2024-05-06 16:32:05.818 [http-nio-8080-exec-1] INFO  org.springframework.web.servlet.DispatcherServlet - Completed initialization in 16 ms
2024-05-06 16:33:42.751 [http-nio-8080-exec-4] WARN  org.springframework.web.servlet.mvc.support.DefaultHandlerExceptionResolver - Ignoring exception, response committed already: org.springframework.http.converter.HttpMessageNotWritableException: No converter for [class java.util.LinkedHashMap] with preset Content-Type 'application/javascript;charset=UTF-8'
2024-05-06 16:33:42.751 [http-nio-8080-exec-4] WARN  org.springframework.web.servlet.mvc.support.DefaultHandlerExceptionResolver - Resolved [org.springframework.http.converter.HttpMessageNotWritableException: No converter for [class java.util.LinkedHashMap] with preset Content-Type 'application/javascript;charset=UTF-8']
2024-05-06 16:44:15.681 [SpringApplicationShutdownHook] INFO  org.springframework.messaging.simp.broker.SimpleBrokerMessageHandler - Stopping...
2024-05-06 16:44:15.681 [SpringApplicationShutdownHook] INFO  org.springframework.messaging.simp.broker.SimpleBrokerMessageHandler - BrokerAvailabilityEvent[available=false, SimpleBrokerMessageHandler [org.springframework.messaging.simp.broker.DefaultSubscriptionRegistry@66be48e8]]
2024-05-06 16:44:15.681 [SpringApplicationShutdownHook] INFO  org.springframework.messaging.simp.broker.SimpleBrokerMessageHandler - Stopped.
2024-05-06 16:44:15.696 [SpringApplicationShutdownHook] INFO  org.springframework.orm.jpa.LocalContainerEntityManagerFactoryBean - Closing JPA EntityManagerFactory for persistence unit 'default'
